#
# There is insufficient memory for the Java Runtime Environment to continue.
# Native memory allocation (mmap) failed to map 268435456 bytes for Failed to commit area from 0x0000000701000000 to 0x0000000711000000 of length 268435456.
# Possible reasons:
#   The system is out of physical RAM or swap space
#   The process is running with CompressedOops enabled, and the Java Heap may be blocking the growth of the native heap
# Possible solutions:
#   Reduce memory load on the system
#   Increase physical memory or swap space
#   Check if swap backing store is full
#   Decrease Java heap size (-Xmx/-Xms)
#   Decrease number of Java threads
#   Decrease Java thread stack sizes (-Xss)
#   Set larger code cache with -XX:ReservedCodeCacheSize=
# This output file may be truncated or incomplete.
#
#  Out of Memory Error (./src/hotspot/os/windows/os_windows.cpp:3521), pid=20000, tid=12952
#
# JRE version:  (11.0.12+7) (build )
# Java VM: OpenJDK 64-Bit Server VM (11.0.12+7-b1504.28-7817840, mixed mode, sharing, tiered, compressed oops, g1 gc, windows-amd64)
# No core dump will be written. Minidumps are not enabled by default on client versions of Windows
#

---------------  S U M M A R Y ------------

Command Line: 

Host: Intel(R) Core(TM) i7-3630QM CPU @ 2.40GHz, 8 cores, 15G,  Windows 10 , 64 bit Build 18362 (10.0.18362.778)
Time: Thu Jul 28 17:22:38 2022 Egypt Standard Time elapsed time: 0.011403 seconds (0d 0h 0m 0s)

---------------  T H R E A D  ---------------

Current thread (0x000002e47ab6c000):  JavaThread "Unknown thread" [_thread_in_vm, id=12952, stack(0x000000f642300000,0x000000f642400000)]

Stack: [0x000000f642300000,0x000000f642400000]
Native frames: (J=compiled Java code, j=interpreted, Vv=VM code, C=native code)
V  [jvm.dll+0x5fbcea]
V  [jvm.dll+0x731905]
V  [jvm.dll+0x732f1d]
V  [jvm.dll+0x7335d3]
V  [jvm.dll+0x247bf8]
V  [jvm.dll+0x5f90b4]
V  [jvm.dll+0x5edc85]
V  [jvm.dll+0x305aeb]
V  [jvm.dll+0x305a5a]
V  [jvm.dll+0x305932]
V  [jvm.dll+0x30a896]
V  [jvm.dll+0x353803]
V  [jvm.dll+0x353f06]
V  [jvm.dll+0x353903]
V  [jvm.dll+0x2e0678]
V  [jvm.dll+0x2e1827]
V  [jvm.dll+0x710037]
V  [jvm.dll+0x71182c]
V  [jvm.dll+0x360da9]
V  [jvm.dll+0x6f390e]
V  [jvm.dll+0x3c9723]
V  [jvm.dll+0x3cb9b1]
C  [jli.dll+0x536b]
C  [ucrtbase.dll+0x20e72]
C  [KERNEL32.DLL+0x17bd4]
C  [ntdll.dll+0x6ce51]


---------------  P R O C E S S  ---------------

Threads class SMR info:
_java_thread_list=0x000002e47aa64fa0, length=0, elements={
}

Java Threads: ( => current thread )

Other Threads:
  0x000002e47ab83000 GCTaskThread "GC Thread#0" [stack: 0x000000f642400000,0x000000f642500000] [id=956]
  0x000002e47abe1000 ConcurrentGCThread "G1 Main Marker" [stack: 0x000000f642500000,0x000000f642600000] [id=8288]
  0x000002e47abe2000 ConcurrentGCThread "G1 Conc#0" [stack: 0x000000f642600000,0x000000f642700000] [id=16200]

[error occurred during error reporting (printing all threads), id 0xc0000005, EXCEPTION_ACCESS_VIOLATION (0xc0000005) at pc=0x00007ffcf94f0be7]

VM state:not at safepoint (not fully initialized)

VM Mutex/Monitor currently owned by a thread:  ([mutex/lock_event])
[0x000002e47ab684e0] Heap_lock - owner thread: 0x000002e47ab6c000

Heap address: 0x0000000701000000, size: 4080 MB, Compressed Oops mode: Non-zero based: 0x0000000701000000
Narrow klass base: 0x0000000000000000, Narrow klass shift: 0

GC Heap History (0 events):
No events

Deoptimization events (0 events):
No events

Classes redefined (0 events):
No events

Internal exceptions (0 events):
No events

Events (1 events):
Event: 0.007 Loaded shared library C:\Program Files\Android\Android Studio\jre\bin\zip.dll


Dynamic libraries:
0x00007ff72db80000 - 0x00007ff72db8a000 	C:\Program Files\Android\Android Studio\jre\bin\java.EXE
0x00007ffd8e600000 - 0x00007ffd8e7f0000 	C:\Windows\SYSTEM32\ntdll.dll
0x00007ffd8cbc0000 - 0x00007ffd8cc72000 	C:\Windows\System32\KERNEL32.DLL
0x00007ffd8c400000 - 0x00007ffd8c6a3000 	C:\Windows\System32\KERNELBASE.dll
0x00007ffd8b6e0000 - 0x00007ffd8b7da000 	C:\Windows\System32\ucrtbase.dll
0x00007ffd67690000 - 0x00007ffd676a9000 	C:\Program Files\Android\Android Studio\jre\bin\jli.dll
0x00007ffd67670000 - 0x00007ffd67687000 	C:\Program Files\Android\Android Studio\jre\bin\VCRUNTIME140.dll
0x00007ffd8dcb0000 - 0x00007ffd8de44000 	C:\Windows\System32\USER32.dll
0x00007ffd8bb20000 - 0x00007ffd8bb41000 	C:\Windows\System32\win32u.dll
0x00007ffd7eee0000 - 0x00007ffd7f165000 	C:\Windows\WinSxS\amd64_microsoft.windows.common-controls_6595b64144ccf1df_6.0.18362.778_none_e6c6b761130d4fb8\COMCTL32.dll
0x00007ffd8df50000 - 0x00007ffd8df76000 	C:\Windows\System32\GDI32.dll
0x00007ffd8dfe0000 - 0x00007ffd8e07e000 	C:\Windows\System32\msvcrt.dll
0x00007ffd8b840000 - 0x00007ffd8b9d4000 	C:\Windows\System32\gdi32full.dll
0x00007ffd8c810000 - 0x00007ffd8cb46000 	C:\Windows\System32\combase.dll
0x00007ffd8b9e0000 - 0x00007ffd8ba7e000 	C:\Windows\System32\msvcp_win.dll
0x00007ffd8e080000 - 0x00007ffd8e1a0000 	C:\Windows\System32\RPCRT4.dll
0x00007ffd8ba80000 - 0x00007ffd8bb00000 	C:\Windows\System32\bcryptPrimitives.dll
0x00007ffd8e460000 - 0x00007ffd8e48e000 	C:\Windows\System32\IMM32.DLL
0x00007ffd5f0b0000 - 0x00007ffd5f14d000 	C:\Program Files\Android\Android Studio\jre\bin\msvcp140.dll
0x00007ffcf9200000 - 0x00007ffcf9ce5000 	C:\Program Files\Android\Android Studio\jre\bin\server\jvm.dll
0x00007ffd8e4b0000 - 0x00007ffd8e553000 	C:\Windows\System32\ADVAPI32.dll
0x00007ffd8dab0000 - 0x00007ffd8db47000 	C:\Windows\System32\sechost.dll
0x00007ffd8d150000 - 0x00007ffd8d158000 	C:\Windows\System32\PSAPI.DLL
0x00007ffd67340000 - 0x00007ffd67349000 	C:\Windows\SYSTEM32\WSOCK32.dll
0x00007ffd8de60000 - 0x00007ffd8decf000 	C:\Windows\System32\WS2_32.dll
0x00007ffd7f4d0000 - 0x00007ffd7f4f4000 	C:\Windows\SYSTEM32\WINMM.dll
0x00007ffd81490000 - 0x00007ffd8149a000 	C:\Windows\SYSTEM32\VERSION.dll
0x00007ffd7f430000 - 0x00007ffd7f45d000 	C:\Windows\SYSTEM32\winmmbase.dll
0x00007ffd8bb50000 - 0x00007ffd8bb9a000 	C:\Windows\System32\cfgmgr32.dll
0x00007ffd8b4f0000 - 0x00007ffd8b501000 	C:\Windows\System32\kernel.appcore.dll
0x00007ffd5eb10000 - 0x00007ffd5eb21000 	C:\Program Files\Android\Android Studio\jre\bin\verify.dll
0x00007ffd7db90000 - 0x00007ffd7dd84000 	C:\Windows\SYSTEM32\DBGHELP.DLL
0x00007ffd7db20000 - 0x00007ffd7db4a000 	C:\Windows\SYSTEM32\dbgcore.DLL
0x00007ffd5c0e0000 - 0x00007ffd5c109000 	C:\Program Files\Android\Android Studio\jre\bin\java.dll
0x00007ffd5fae0000 - 0x00007ffd5faeb000 	C:\Program Files\Android\Android Studio\jre\bin\jimage.dll
0x00007ffd5e8e0000 - 0x00007ffd5e8f8000 	C:\Program Files\Android\Android Studio\jre\bin\zip.dll

dbghelp: loaded successfully - version: 4.0.5 - missing functions: none
symbol engine: initialized successfully - sym options: 0x614 - pdb path: .;C:\Program Files\Android\Android Studio\jre\bin;C:\Windows\SYSTEM32;C:\Windows\WinSxS\amd64_microsoft.windows.common-controls_6595b64144ccf1df_6.0.18362.778_none_e6c6b761130d4fb8;C:\Program Files\Android\Android Studio\jre\bin\server

VM Arguments:
java_command: <unknown>
java_class_path (initial): <not set>
Launcher Type: SUN_STANDARD

[Global flags]
     intx CICompilerCount                          = 4                                         {product} {ergonomic}
     uint ConcGCThreads                            = 2                                         {product} {ergonomic}
     uint G1ConcRefinementThreads                  = 8                                         {product} {ergonomic}
   size_t G1HeapRegionSize                         = 1048576                                   {product} {ergonomic}
    uintx GCDrainStackTargetSize                   = 64                                        {product} {ergonomic}
   size_t InitialHeapSize                          = 268435456                                 {product} {ergonomic}
   size_t MarkStackSize                            = 4194304                                   {product} {ergonomic}
   size_t MaxHeapSize                              = 4278190080                                {product} {ergonomic}
   size_t MinHeapDeltaBytes                        = 1048576                                   {product} {ergonomic}
    uintx NonNMethodCodeHeapSize                   = 5836300                                {pd product} {ergonomic}
    uintx NonProfiledCodeHeapSize                  = 122910970                              {pd product} {ergonomic}
    uintx ProfiledCodeHeapSize                     = 122910970                              {pd product} {ergonomic}
    uintx ReservedCodeCacheSize                    = 251658240                              {pd product} {ergonomic}
     bool SegmentedCodeCache                       = true                                      {product} {ergonomic}
     bool UseCompressedClassPointers               = true                                 {lp64_product} {ergonomic}
     bool UseCompressedOops                        = true                                 {lp64_product} {ergonomic}
     bool UseG1GC                                  = true                                      {product} {ergonomic}
     bool UseLargePagesIndividualAllocation        = false                                  {pd product} {ergonomic}

Logging:
Log output configuration:
 #0: stdout all=warning uptime,level,tags
 #1: stderr all=off uptime,level,tags

Environment Variables:
PATH=C:\Program Files\Common Files\Oracle\Java\javapath;C:\Program Files\Python310\Scripts\;C:\Program Files\Python310\;C:\Windows\system32;C:\Windows;C:\Windows\System32\Wbem;C:\Windows\System32\WindowsPowerShell\v1.0\;C:\Windows\System32\OpenSSH\;C:\TDM-GCC-64\bin;C:\Program Files\Microsoft SQL Server\Client SDK\ODBC\170\Tools\Binn\;C:\Program Files (x86)\Microsoft SQL Server\150\Tools\Binn\;C:\Program Files\Microsoft SQL Server\150\Tools\Binn\;C:\Program Files\Microsoft SQL Server\150\DTS\Binn\;C:\Program Files\Azure Data Studio\bin;C:\Program Files (x86)\Microsoft SQL Server\150\DTS\Binn\;C:\Program Files\Git\cmd;C:\Program Files\Python310;C:\Program Files\Python310\Scripts;C:\Users\STW\AppData\Roaming\Python\Python310\Scripts;C:\Users\STW\AppData\Local\Microsoft\WindowsApps;C:\Users\STW\AppData\Local\Programs\Microsoft VS Code\bin;C:\Program Files\Azure Data Studio\bin;C:\Program Files\JetBrains\IntelliJ IDEA Community Edition 2022.1\bin;C:\Program Files\Python310\;;C:\Program Files\Python310;C:\Program Files\Python310\Scripts;C:\Users\STW\AppData\Roaming\Python\Python310\Scripts;C:\src\flutter\bin;;C:\src\flutter\bin\mingit\cmd
USERNAME=STW
OS=Windows_NT
PROCESSOR_IDENTIFIER=Intel64 Family 6 Model 58 Stepping 9, GenuineIntel



---------------  S Y S T E M  ---------------

OS: Windows 10 , 64 bit Build 18362 (10.0.18362.778)
OS uptime: 5 days 0:48 hours

CPU:total 8 (initial active 8) (4 cores per cpu, 2 threads per core) family 6 model 58 stepping 9 microcode 0x21, cmov, cx8, fxsr, mmx, sse, sse2, sse3, ssse3, sse4.1, sse4.2, popcnt, avx, aes, clmul, erms, ht, tsc, tscinvbit, tscinv

Memory: 4k page, system-wide physical 16315M (718M free)
TotalPageFile size 28742M (AvailPageFile size 97M)
current process WorkingSet (physical memory assigned to process): 10M, peak: 10M
current process commit charge ("private bytes"): 60M, peak: 316M

vm_info: OpenJDK 64-Bit Server VM (11.0.12+7-b1504.28-7817840) for windows-amd64 JRE (11.0.12+7-b1504.28-7817840), built on Oct 13 2021 22:12:33 by "builder" with MS VC++ 14.0 (VS2015)

END.
